<?xml version="1.0" encoding="UTF-8"?>
<!-- Generated by org.testng.reporters.JUnitReportReporter -->
<testsuite skipped="0" hostname="new-PC" name="allcodes.simple" tests="1" failures="0" timestamp="14 Jun 2018 05:58:10 GMT" time="13.446" errors="0">
  <testcase name="pa1" time="13.446" classname="allcodes.simple"/>
</testsuite> <!-- allcodes.simple -->
